Using pre-set license
Built from '2020.2/staging' branch; Version is '2020.2.5f1 (e2c53f129de5) revision 14861631'; Using compiler version '192528614'; Build Type 'Release'
OS: 'Windows 10 Home; OS build 19043.1165; Version 2009; 64bit' Language: 'en' Physical Memory: 16344 MB
BatchMode: 1, IsHumanControllingUs: 0, StartBugReporterOnCrash: 0, Is64bit: 1, IsPro: 0

 COMMAND LINE ARGUMENTS:
C:\Program Files\Unity\Hub\Editor\2020.2.5f1\Editor\Unity.exe
-adb2
-batchMode
-noUpm
-name
AssetImportWorker0
-projectPath
C:/Users/Jack Desktop/Documents/GitHub/Walking Simg/WalkingSim
-logFile
Logs/AssetImportWorker0.log
-srvPort
52662
Successfully changed project path to: C:/Users/Jack Desktop/Documents/GitHub/Walking Simg/WalkingSim
C:/Users/Jack Desktop/Documents/GitHub/Walking Simg/WalkingSim
Using Asset Import Pipeline V2.
Refreshing native plugins compatible for Editor in 161.25 ms, found 0 plugins.
Preloading 0 native plugins for Editor in 0.00 ms.
Initialize engine version: 2020.2.5f1 (e2c53f129de5)
[Subsystems] Discovering subsystems at path C:/Program Files/Unity/Hub/Editor/2020.2.5f1/Editor/Data/Resources/UnitySubsystems
[Subsystems] Discovering subsystems at path C:/Users/Jack Desktop/Documents/GitHub/Walking Simg/WalkingSim/Assets
GfxDevice: creating device client; threaded=0
Direct3D:
    Version:  Direct3D 11.0 [level 11.1]
    Renderer: NVIDIA GeForce GTX 1060 6GB (ID=0x1c03)
    Vendor:   
    VRAM:     6052 MB
    Driver:   27.21.14.5730
Shader 'Universal Render Pipeline/Particles/Lit': fallback shader 'Universal Render Pipeline/Particles/SimpleLit' not found
Initialize mono
Mono path[0] = 'C:/Program Files/Unity/Hub/Editor/2020.2.5f1/Editor/Data/Managed'
Mono path[1] = 'C:/Program Files/Unity/Hub/Editor/2020.2.5f1/Editor/Data/MonoBleedingEdge/lib/mono/unityjit'
Mono config path = 'C:/Program Files/Unity/Hub/Editor/2020.2.5f1/Editor/Data/MonoBleedingEdge/etc'
Using monoOptions --debugger-agent=transport=dt_socket,embedding=1,server=y,suspend=n,address=127.0.0.1:56460
Begin MonoManager ReloadAssembly
Registering precompiled unity dll's ...
Register platform support module: C:/Program Files/Unity/Hub/Editor/2020.2.5f1/Editor/Data/PlaybackEngines/WindowsStandaloneSupport/UnityEditor.WindowsStandalone.Extensions.dll
Registered in 0.002066 seconds.
Native extension for WindowsStandalone target not found
Refreshing native plugins compatible for Editor in 151.69 ms, found 0 plugins.
Preloading 0 native plugins for Editor in 0.00 ms.
Invoked RoslynAnalysisRunner static constructor.
RoslynAnalysisRunner will not be running.
RoslynAnalysisRunner has terminated.
Mono: successfully reloaded assembly
- Completed reload, in  1.430 seconds
Platform modules already initialized, skipping
Registering precompiled user dll's ...
Registered in 0.003714 seconds.
Begin MonoManager ReloadAssembly
Native extension for WindowsStandalone target not found
Refreshing native plugins compatible for Editor in 158.27 ms, found 0 plugins.
Preloading 0 native plugins for Editor in 0.00 ms.
Invoked RoslynAnalysisRunner static constructor.
RoslynAnalysisRunner will not be running.
RoslynAnalysisRunner has terminated.
Mono: successfully reloaded assembly
- Completed reload, in  1.587 seconds
Platform modules already initialized, skipping
========================================================================
Worker process is ready to serve import requests
Launched and connected shader compiler UnityShaderCompiler.exe after 0.04 seconds
Shader 'Universal Render Pipeline/Particles/Lit': fallback shader 'Universal Render Pipeline/Particles/SimpleLit' not found
Refreshing native plugins compatible for Editor in 3.35 ms, found 0 plugins.
Preloading 0 native plugins for Editor in 0.00 ms.
Unloading 3794 Unused Serialized files (Serialized files now loaded: 0)
System memory in use before: 227.7 MB.
System memory in use after: 227.3 MB.

Unloading 40 unused Assets to reduce memory usage. Loaded Objects now: 4397.
Total: 7.144700 ms (FindLiveObjects: 2.474800 ms CreateObjectMapping: 0.738700 ms MarkObjects: 3.371400 ms  DeleteObjects: 0.557800 ms)

========================================================================
Received Import Request.
  path: Assets/Scripts/Misc
  artifactKey: Guid(ba7ceb7d0143772428b2a1b5e1658e63) Importer(815301076,1909f56bfc062723c751e8b465ee728b)
Start importing Assets/Scripts/Misc using Guid(ba7ceb7d0143772428b2a1b5e1658e63) Importer(815301076,1909f56bfc062723c751e8b465ee728b)  -> (artifact id: 'f2ae603c0ff442a693060ddad5b7dc8d') in 0.014655 seconds
  Import took 0.025073 seconds .

========================================================================
Received Import Request.
  Time since last request: 0.000218 seconds.
  path: Assets/Scripts/Misc/RingPhone.cs
  artifactKey: Guid(f4c64208dd8125646ab2591bd6175254) Importer(815301076,1909f56bfc062723c751e8b465ee728b)
Start importing Assets/Scripts/Misc/RingPhone.cs using Guid(f4c64208dd8125646ab2591bd6175254) Importer(815301076,1909f56bfc062723c751e8b465ee728b)  -> (artifact id: '333edc4ee31c9febf11519f4dfe13079') in 0.031050 seconds
  Import took 0.038520 seconds .

========================================================================
Received Import Request.
  Time since last request: 0.000225 seconds.
  path: Assets/Scripts/Models
  artifactKey: Guid(ed217b2da57fe384cb55bddff06b41a9) Importer(815301076,1909f56bfc062723c751e8b465ee728b)
Start importing Assets/Scripts/Models using Guid(ed217b2da57fe384cb55bddff06b41a9) Importer(815301076,1909f56bfc062723c751e8b465ee728b)  -> (artifact id: 'b575a0d168431ceb63494a703caf04fd') in 0.008788 seconds
  Import took 0.017107 seconds .

========================================================================
Received Prepare
Registering precompiled user dll's ...
Registered in 0.004164 seconds.
Begin MonoManager ReloadAssembly
Native extension for WindowsStandalone target not found
Refreshing native plugins compatible for Editor in 1.29 ms, found 0 plugins.
Preloading 0 native plugins for Editor in 0.00 ms.
Invoked RoslynAnalysisRunner static constructor.
RoslynAnalysisRunner will not be running.
RoslynAnalysisRunner has terminated.
Mono: successfully reloaded assembly
- Completed reload, in  1.416 seconds
Platform modules already initialized, skipping
Shader 'Universal Render Pipeline/Particles/Lit': fallback shader 'Universal Render Pipeline/Particles/SimpleLit' not found
Refreshing native plugins compatible for Editor in 1.12 ms, found 0 plugins.
Preloading 0 native plugins for Editor in 0.00 ms.
Unloading 3620 Unused Serialized files (Serialized files now loaded: 0)
System memory in use before: 216.8 MB.
System memory in use after: 216.3 MB.

Unloading 25 unused Assets to reduce memory usage. Loaded Objects now: 4399.
Total: 2.778900 ms (FindLiveObjects: 0.462600 ms CreateObjectMapping: 0.165200 ms MarkObjects: 1.751500 ms  DeleteObjects: 0.397000 ms)

========================================================================
Received Import Request.
  Time since last request: 10632.016336 seconds.
  path: Assets/paper2.jpg
  artifactKey: Guid(27e71f970fb5d9944a5463b178bd0aaf) Importer(815301076,1909f56bfc062723c751e8b465ee728b)
Start importing Assets/paper2.jpg using Guid(27e71f970fb5d9944a5463b178bd0aaf) Importer(815301076,1909f56bfc062723c751e8b465ee728b)  -> (artifact id: '641cfba7f3f986ab0283efff3e6b9869') in 0.054988 seconds
  Import took 0.062886 seconds .

========================================================================
Received Import Request.
  Time since last request: 7.889171 seconds.
  path: Assets/paper2.jpg
  artifactKey: Guid(27e71f970fb5d9944a5463b178bd0aaf) Importer(815301076,1909f56bfc062723c751e8b465ee728b)
Start importing Assets/paper2.jpg using Guid(27e71f970fb5d9944a5463b178bd0aaf) Importer(815301076,1909f56bfc062723c751e8b465ee728b)  -> (artifact id: '7a7fb78a6a011152d0431975d45b4f5d') in 0.051171 seconds
  Import took 0.061365 seconds .

========================================================================
Received Import Request.
  Time since last request: 0.017097 seconds.
  path: Assets/paper2.jpg
  artifactKey: Guid(27e71f970fb5d9944a5463b178bd0aaf) Importer(815301076,1909f56bfc062723c751e8b465ee728b)
Start importing Assets/paper2.jpg using Guid(27e71f970fb5d9944a5463b178bd0aaf) Importer(815301076,1909f56bfc062723c751e8b465ee728b)  -> (artifact id: '7a7fb78a6a011152d0431975d45b4f5d') in 0.010221 seconds
  Import took 0.017125 seconds .

========================================================================
Received Prepare
Registering precompiled user dll's ...
Registered in 0.003589 seconds.
Begin MonoManager ReloadAssembly
Native extension for WindowsStandalone target not found
Refreshing native plugins compatible for Editor in 1.99 ms, found 0 plugins.
Preloading 0 native plugins for Editor in 0.00 ms.
Invoked RoslynAnalysisRunner static constructor.
RoslynAnalysisRunner will not be running.
RoslynAnalysisRunner has terminated.
Mono: successfully reloaded assembly
- Completed reload, in  1.286 seconds
Platform modules already initialized, skipping
Shader 'Universal Render Pipeline/Particles/Lit': fallback shader 'Universal Render Pipeline/Particles/SimpleLit' not found
Refreshing native plugins compatible for Editor in 2.70 ms, found 0 plugins.
Preloading 0 native plugins for Editor in 0.00 ms.
Unloading 3620 Unused Serialized files (Serialized files now loaded: 0)
System memory in use before: 219.8 MB.
System memory in use after: 219.4 MB.

Unloading 25 unused Assets to reduce memory usage. Loaded Objects now: 4408.
Total: 3.465000 ms (FindLiveObjects: 0.760700 ms CreateObjectMapping: 0.230200 ms MarkObjects: 1.899500 ms  DeleteObjects: 0.572200 ms)

========================================================================
Received Prepare
Registering precompiled user dll's ...
Registered in 0.004191 seconds.
Begin MonoManager ReloadAssembly
Native extension for WindowsStandalone target not found
Refreshing native plugins compatible for Editor in 1.11 ms, found 0 plugins.
Preloading 0 native plugins for Editor in 0.00 ms.
Invoked RoslynAnalysisRunner static constructor.
RoslynAnalysisRunner will not be running.
RoslynAnalysisRunner has terminated.
Mono: successfully reloaded assembly
- Completed reload, in  1.477 seconds
Platform modules already initialized, skipping
Shader 'Universal Render Pipeline/Particles/Lit': fallback shader 'Universal Render Pipeline/Particles/SimpleLit' not found
Refreshing native plugins compatible for Editor in 1.48 ms, found 0 plugins.
Preloading 0 native plugins for Editor in 0.00 ms.
Unloading 3620 Unused Serialized files (Serialized files now loaded: 0)
System memory in use before: 219.8 MB.
System memory in use after: 219.4 MB.

Unloading 25 unused Assets to reduce memory usage. Loaded Objects now: 4410.
Total: 5.310500 ms (FindLiveObjects: 0.774200 ms CreateObjectMapping: 0.316700 ms MarkObjects: 3.303600 ms  DeleteObjects: 0.913700 ms)

========================================================================
Received Import Request.
  Time since last request: 1405.252367 seconds.
  path: Assets/SFX/Paper Rustle.wav
  artifactKey: Guid(9dd55f7a0a6994c438072627360555e4) Importer(815301076,1909f56bfc062723c751e8b465ee728b)
Start importing Assets/SFX/Paper Rustle.wav using Guid(9dd55f7a0a6994c438072627360555e4) Importer(815301076,1909f56bfc062723c751e8b465ee728b)  -> (artifact id: 'd322eb1cde38af4f9c9100108c22b8ab') in 0.234010 seconds
  Import took 0.244623 seconds .

========================================================================
Received Prepare
Registering precompiled user dll's ...
Registered in 0.003071 seconds.
Begin MonoManager ReloadAssembly
Native extension for WindowsStandalone target not found
Refreshing native plugins compatible for Editor in 1.06 ms, found 0 plugins.
Preloading 0 native plugins for Editor in 0.00 ms.
Invoked RoslynAnalysisRunner static constructor.
RoslynAnalysisRunner will not be running.
RoslynAnalysisRunner has terminated.
Mono: successfully reloaded assembly
- Completed reload, in  1.236 seconds
Platform modules already initialized, skipping
Shader 'Universal Render Pipeline/Particles/Lit': fallback shader 'Universal Render Pipeline/Particles/SimpleLit' not found
Refreshing native plugins compatible for Editor in 1.03 ms, found 0 plugins.
Preloading 0 native plugins for Editor in 0.00 ms.
Unloading 3620 Unused Serialized files (Serialized files now loaded: 0)
System memory in use before: 220.0 MB.
System memory in use after: 219.5 MB.

Unloading 25 unused Assets to reduce memory usage. Loaded Objects now: 4419.
Total: 3.361400 ms (FindLiveObjects: 0.497000 ms CreateObjectMapping: 0.252600 ms MarkObjects: 2.136000 ms  DeleteObjects: 0.475000 ms)

========================================================================
Received Prepare
Registering precompiled user dll's ...
Registered in 0.003923 seconds.
Begin MonoManager ReloadAssembly
Native extension for WindowsStandalone target not found
Refreshing native plugins compatible for Editor in 1.77 ms, found 0 plugins.
Preloading 0 native plugins for Editor in 0.00 ms.
Invoked RoslynAnalysisRunner static constructor.
RoslynAnalysisRunner will not be running.
RoslynAnalysisRunner has terminated.
Mono: successfully reloaded assembly
- Completed reload, in  1.744 seconds
Platform modules already initialized, skipping
Shader 'Universal Render Pipeline/Particles/Lit': fallback shader 'Universal Render Pipeline/Particles/SimpleLit' not found
Refreshing native plugins compatible for Editor in 2.03 ms, found 0 plugins.
Preloading 0 native plugins for Editor in 0.00 ms.
Unloading 3620 Unused Serialized files (Serialized files now loaded: 0)
System memory in use before: 220.0 MB.
System memory in use after: 219.6 MB.

Unloading 25 unused Assets to reduce memory usage. Loaded Objects now: 4421.
Total: 5.311800 ms (FindLiveObjects: 0.759800 ms CreateObjectMapping: 0.364100 ms MarkObjects: 3.528600 ms  DeleteObjects: 0.656200 ms)

========================================================================
Received Prepare
Registering precompiled user dll's ...
Registered in 0.004049 seconds.
Begin MonoManager ReloadAssembly
Native extension for WindowsStandalone target not found
Refreshing native plugins compatible for Editor in 2.06 ms, found 0 plugins.
Preloading 0 native plugins for Editor in 0.00 ms.
Invoked RoslynAnalysisRunner static constructor.
RoslynAnalysisRunner will not be running.
RoslynAnalysisRunner has terminated.
Mono: successfully reloaded assembly
- Completed reload, in  1.756 seconds
Platform modules already initialized, skipping
Shader 'Universal Render Pipeline/Particles/Lit': fallback shader 'Universal Render Pipeline/Particles/SimpleLit' not found
Refreshing native plugins compatible for Editor in 1.00 ms, found 0 plugins.
Preloading 0 native plugins for Editor in 0.00 ms.
Unloading 3620 Unused Serialized files (Serialized files now loaded: 0)
System memory in use before: 220.0 MB.
System memory in use after: 219.6 MB.

Unloading 25 unused Assets to reduce memory usage. Loaded Objects now: 4423.
Total: 4.265500 ms (FindLiveObjects: 0.644300 ms CreateObjectMapping: 0.281800 ms MarkObjects: 2.710000 ms  DeleteObjects: 0.626800 ms)

========================================================================
Received Import Request.
  Time since last request: 1893.772090 seconds.
  path: Assets/Sprites/paper1.jpg
  artifactKey: Guid(e90a87845d6c4bd4190a35ba549918ab) Importer(815301076,1909f56bfc062723c751e8b465ee728b)
Start importing Assets/Sprites/paper1.jpg using Guid(e90a87845d6c4bd4190a35ba549918ab) Importer(815301076,1909f56bfc062723c751e8b465ee728b)  -> (artifact id: '64fc1adbb8a4c3f1f83dc4c58d002ec2') in 0.048397 seconds
  Import took 0.056981 seconds .

========================================================================
Received Import Request.
  Time since last request: 0.000228 seconds.
  path: Assets/Sprites/paper3.jpg
  artifactKey: Guid(bc9a627b04daf494696e022fee213830) Importer(815301076,1909f56bfc062723c751e8b465ee728b)
Start importing Assets/Sprites/paper3.jpg using Guid(bc9a627b04daf494696e022fee213830) Importer(815301076,1909f56bfc062723c751e8b465ee728b)  -> (artifact id: 'c1e2f771884f60f3cc265095a1d8e8a2') in 0.009272 seconds
  Import took 0.015664 seconds .

========================================================================
Received Import Request.
  Time since last request: 5.215692 seconds.
  path: Assets/Sprites/paper1.jpg
  artifactKey: Guid(e90a87845d6c4bd4190a35ba549918ab) Importer(815301076,1909f56bfc062723c751e8b465ee728b)
Start importing Assets/Sprites/paper1.jpg using Guid(e90a87845d6c4bd4190a35ba549918ab) Importer(815301076,1909f56bfc062723c751e8b465ee728b)  -> (artifact id: '232ec48ceebfdce787b61098b08fbc4a') in 0.028418 seconds
  Import took 0.036653 seconds .

========================================================================
Received Import Request.
  Time since last request: 0.035338 seconds.
  path: Assets/Sprites/paper1.jpg
  artifactKey: Guid(e90a87845d6c4bd4190a35ba549918ab) Importer(815301076,1909f56bfc062723c751e8b465ee728b)
Start importing Assets/Sprites/paper1.jpg using Guid(e90a87845d6c4bd4190a35ba549918ab) Importer(815301076,1909f56bfc062723c751e8b465ee728b)  -> (artifact id: '232ec48ceebfdce787b61098b08fbc4a') in 0.013812 seconds
  Import took 0.020747 seconds .

========================================================================
Received Import Request.
  Time since last request: 5.948431 seconds.
  path: Assets/Sprites/paper3.jpg
  artifactKey: Guid(bc9a627b04daf494696e022fee213830) Importer(815301076,1909f56bfc062723c751e8b465ee728b)
Start importing Assets/Sprites/paper3.jpg using Guid(bc9a627b04daf494696e022fee213830) Importer(815301076,1909f56bfc062723c751e8b465ee728b)  -> (artifact id: '08bef938257bae680aafca0f3c3f4e24') in 0.024400 seconds
  Import took 0.033254 seconds .

========================================================================
Received Import Request.
  Time since last request: 0.046746 seconds.
  path: Assets/Sprites/paper3.jpg
  artifactKey: Guid(bc9a627b04daf494696e022fee213830) Importer(815301076,1909f56bfc062723c751e8b465ee728b)
Start importing Assets/Sprites/paper3.jpg using Guid(bc9a627b04daf494696e022fee213830) Importer(815301076,1909f56bfc062723c751e8b465ee728b)  -> (artifact id: '08bef938257bae680aafca0f3c3f4e24') in 0.015503 seconds
  Import took 0.022080 seconds .

========================================================================
Received Prepare
Registering precompiled user dll's ...
Registered in 0.003465 seconds.
Begin MonoManager ReloadAssembly
Native extension for WindowsStandalone target not found
Refreshing native plugins compatible for Editor in 1.45 ms, found 0 plugins.
Preloading 0 native plugins for Editor in 0.00 ms.
Invoked RoslynAnalysisRunner static constructor.
RoslynAnalysisRunner will not be running.
RoslynAnalysisRunner has terminated.
Mono: successfully reloaded assembly
- Completed reload, in  1.493 seconds
Platform modules already initialized, skipping
Shader 'Universal Render Pipeline/Particles/Lit': fallback shader 'Universal Render Pipeline/Particles/SimpleLit' not found
Refreshing native plugins compatible for Editor in 1.03 ms, found 0 plugins.
Preloading 0 native plugins for Editor in 0.00 ms.
Unloading 3620 Unused Serialized files (Serialized files now loaded: 0)
System memory in use before: 220.0 MB.
System memory in use after: 219.6 MB.

Unloading 25 unused Assets to reduce memory usage. Loaded Objects now: 4431.
Total: 3.127700 ms (FindLiveObjects: 0.482800 ms CreateObjectMapping: 0.225000 ms MarkObjects: 1.949000 ms  DeleteObjects: 0.470300 ms)

========================================================================
Received Prepare
Registering precompiled user dll's ...
Registered in 0.003410 seconds.
Begin MonoManager ReloadAssembly
Native extension for WindowsStandalone target not found
Refreshing native plugins compatible for Editor in 1.04 ms, found 0 plugins.
Preloading 0 native plugins for Editor in 0.00 ms.
Invoked RoslynAnalysisRunner static constructor.
RoslynAnalysisRunner will not be running.
RoslynAnalysisRunner has terminated.
Mono: successfully reloaded assembly
- Completed reload, in  1.387 seconds
Platform modules already initialized, skipping
Shader 'Universal Render Pipeline/Particles/Lit': fallback shader 'Universal Render Pipeline/Particles/SimpleLit' not found
Refreshing native plugins compatible for Editor in 0.99 ms, found 0 plugins.
Preloading 0 native plugins for Editor in 0.00 ms.
Unloading 3620 Unused Serialized files (Serialized files now loaded: 0)
System memory in use before: 220.0 MB.
System memory in use after: 219.6 MB.

Unloading 25 unused Assets to reduce memory usage. Loaded Objects now: 4433.
Total: 4.241000 ms (FindLiveObjects: 0.671100 ms CreateObjectMapping: 0.222300 ms MarkObjects: 2.839400 ms  DeleteObjects: 0.506500 ms)

========================================================================
Received Import Request.
  Time since last request: 106.775338 seconds.
  path: Assets/Sprites/paper3 1.jpg
  artifactKey: Guid(bb09f36c359f2184eb9b306ba3a6277d) Importer(815301076,1909f56bfc062723c751e8b465ee728b)
Start importing Assets/Sprites/paper3 1.jpg using Guid(bb09f36c359f2184eb9b306ba3a6277d) Importer(815301076,1909f56bfc062723c751e8b465ee728b)  -> (artifact id: 'bb8747b5f4d8cb04d8c9b60357276ffc') in 0.039095 seconds
  Import took 0.048042 seconds .

========================================================================
Received Import Request.
  Time since last request: 7.561509 seconds.
  path: Assets/Sprites/paper3 1.jpg
  artifactKey: Guid(bb09f36c359f2184eb9b306ba3a6277d) Importer(815301076,1909f56bfc062723c751e8b465ee728b)
Start importing Assets/Sprites/paper3 1.jpg using Guid(bb09f36c359f2184eb9b306ba3a6277d) Importer(815301076,1909f56bfc062723c751e8b465ee728b)  -> (artifact id: '9e4dab82f80147c1c1b88ea1eadd9027') in 0.038992 seconds
  Import took 0.046644 seconds .

========================================================================
Received Import Request.
  Time since last request: 0.027616 seconds.
  path: Assets/Sprites/paper3 1.jpg
  artifactKey: Guid(bb09f36c359f2184eb9b306ba3a6277d) Importer(815301076,1909f56bfc062723c751e8b465ee728b)
Start importing Assets/Sprites/paper3 1.jpg using Guid(bb09f36c359f2184eb9b306ba3a6277d) Importer(815301076,1909f56bfc062723c751e8b465ee728b)  -> (artifact id: '9e4dab82f80147c1c1b88ea1eadd9027') in 0.013712 seconds
  Import took 0.020203 seconds .

========================================================================
Received Import Request.
  Time since last request: 8.315870 seconds.
  path: Assets/Sprites/paper3.jpg
  artifactKey: Guid(bc9a627b04daf494696e022fee213830) Importer(815301076,1909f56bfc062723c751e8b465ee728b)
Start importing Assets/Sprites/paper3.jpg using Guid(bc9a627b04daf494696e022fee213830) Importer(815301076,1909f56bfc062723c751e8b465ee728b)  -> (artifact id: '7fd3afe70a7112551b2b4b18192e6c23') in 0.012749 seconds
  Import took 0.022775 seconds .

========================================================================
Received Import Request.
  Time since last request: 0.004008 seconds.
  path: Assets/Sprites/paper3.jpg
  artifactKey: Guid(bc9a627b04daf494696e022fee213830) Importer(815301076,1909f56bfc062723c751e8b465ee728b)
Start importing Assets/Sprites/paper3.jpg using Guid(bc9a627b04daf494696e022fee213830) Importer(815301076,1909f56bfc062723c751e8b465ee728b)  -> (artifact id: '7fd3afe70a7112551b2b4b18192e6c23') in 0.007945 seconds
  Import took 0.016564 seconds .

========================================================================
Received Import Request.
  Time since last request: 9.502000 seconds.
  path: Assets/Sprites/paper3.jpg
  artifactKey: Guid(bc9a627b04daf494696e022fee213830) Importer(815301076,1909f56bfc062723c751e8b465ee728b)
Start importing Assets/Sprites/paper3.jpg using Guid(bc9a627b04daf494696e022fee213830) Importer(815301076,1909f56bfc062723c751e8b465ee728b)  -> (artifact id: 'ca882456ef629d950541d4d74462fe7c') in 0.014831 seconds
  Import took 0.021222 seconds .

========================================================================
Received Import Request.
  Time since last request: 0.045132 seconds.
  path: Assets/Sprites/paper3.jpg
  artifactKey: Guid(bc9a627b04daf494696e022fee213830) Importer(815301076,1909f56bfc062723c751e8b465ee728b)
Start importing Assets/Sprites/paper3.jpg using Guid(bc9a627b04daf494696e022fee213830) Importer(815301076,1909f56bfc062723c751e8b465ee728b)  -> (artifact id: 'ca882456ef629d950541d4d74462fe7c') in 0.012698 seconds
  Import took 0.020228 seconds .

========================================================================
Received Import Request.
  Time since last request: 377.958165 seconds.
  path: Assets/Sprites/Incredible Holiday.ttf
  artifactKey: Guid(d08ad32dffbd7b045920653f522e9a59) Importer(815301076,1909f56bfc062723c751e8b465ee728b)
Start importing Assets/Sprites/Incredible Holiday.ttf using Guid(d08ad32dffbd7b045920653f522e9a59) Importer(815301076,1909f56bfc062723c751e8b465ee728b)  -> (artifact id: '8fb7acf62f8759f3c1efee10ff0b29c2') in 0.216432 seconds
  Import took 0.227413 seconds .

========================================================================
Received Import Request.
  Time since last request: 29.645483 seconds.
  path: Assets/Fonts
  artifactKey: Guid(c903671bda7ef8b4fb2050e473e0ab87) Importer(815301076,1909f56bfc062723c751e8b465ee728b)
Start importing Assets/Fonts using Guid(c903671bda7ef8b4fb2050e473e0ab87) Importer(815301076,1909f56bfc062723c751e8b465ee728b)  -> (artifact id: 'a1184825d188fc41581dd11483936b6e') in 0.006785 seconds
  Import took 0.016337 seconds .

========================================================================
Received Import Request.
  Time since last request: 21.732653 seconds.
  path: Assets/Fonts/always forever.ttf
  artifactKey: Guid(d82054985aba9944aa43614d53c4246b) Importer(815301076,1909f56bfc062723c751e8b465ee728b)
Start importing Assets/Fonts/always forever.ttf using Guid(d82054985aba9944aa43614d53c4246b) Importer(815301076,1909f56bfc062723c751e8b465ee728b)  -> (artifact id: '07d274dcfacfeaa1b72bdeff357209ca') in 0.020367 seconds
  Import took 0.027636 seconds .

========================================================================
Received Import Request.
  Time since last request: 0.000592 seconds.
  path: Assets/Fonts/always forever.ttf
  artifactKey: Guid(d82054985aba9944aa43614d53c4246b) Importer(815301076,1909f56bfc062723c751e8b465ee728b)
Start importing Assets/Fonts/always forever.ttf using Guid(d82054985aba9944aa43614d53c4246b) Importer(815301076,1909f56bfc062723c751e8b465ee728b)  -> (artifact id: '07d274dcfacfeaa1b72bdeff357209ca') in 0.010785 seconds
  Import took 0.017357 seconds .

========================================================================
Received Import Request.
  Time since last request: 14.788502 seconds.
  path: Assets/Fonts/HomemadeApple.ttf
  artifactKey: Guid(9871d598298c25f4e8e57e3b75a1508a) Importer(815301076,1909f56bfc062723c751e8b465ee728b)
Start importing Assets/Fonts/HomemadeApple.ttf using Guid(9871d598298c25f4e8e57e3b75a1508a) Importer(815301076,1909f56bfc062723c751e8b465ee728b)  -> (artifact id: 'b26c6475c3de14c06899e0017527c6c0') in 0.022282 seconds
  Import took 0.030058 seconds .

========================================================================
Received Import Request.
  Time since last request: 0.006567 seconds.
  path: Assets/Fonts/HomemadeApple.ttf
  artifactKey: Guid(9871d598298c25f4e8e57e3b75a1508a) Importer(815301076,1909f56bfc062723c751e8b465ee728b)
Start importing Assets/Fonts/HomemadeApple.ttf using Guid(9871d598298c25f4e8e57e3b75a1508a) Importer(815301076,1909f56bfc062723c751e8b465ee728b)  -> (artifact id: 'b26c6475c3de14c06899e0017527c6c0') in 0.010306 seconds
  Import took 0.018349 seconds .

========================================================================
Received Import Request.
  Time since last request: 11.210660 seconds.
  path: Assets/Fonts/ThrowMyHandsUpintheAir.ttf
  artifactKey: Guid(a18aba4b75ba0fc4bbf40516f4c8a85c) Importer(815301076,1909f56bfc062723c751e8b465ee728b)
Start importing Assets/Fonts/ThrowMyHandsUpintheAir.ttf using Guid(a18aba4b75ba0fc4bbf40516f4c8a85c) Importer(815301076,1909f56bfc062723c751e8b465ee728b)  -> (artifact id: 'e5a338473450b2a7009fcd55dc97bde2') in 0.021917 seconds
  Import took 0.029448 seconds .

========================================================================
Received Import Request.
  Time since last request: 0.000243 seconds.
  path: Assets/Fonts/ThrowMyHandsUpintheAirBold.ttf
  artifactKey: Guid(663994f426d9d794d8324e015b382536) Importer(815301076,1909f56bfc062723c751e8b465ee728b)
Start importing Assets/Fonts/ThrowMyHandsUpintheAirBold.ttf using Guid(663994f426d9d794d8324e015b382536) Importer(815301076,1909f56bfc062723c751e8b465ee728b)  -> (artifact id: 'b6e142fcab8415812764e944085d7f99') in 0.014918 seconds
  Import took 0.023907 seconds .

========================================================================
Received Import Request.
  Time since last request: 0.000315 seconds.
  path: Assets/Fonts/ThrowMyHandsUpintheAir.ttf
  artifactKey: Guid(a18aba4b75ba0fc4bbf40516f4c8a85c) Importer(815301076,1909f56bfc062723c751e8b465ee728b)
Start importing Assets/Fonts/ThrowMyHandsUpintheAir.ttf using Guid(a18aba4b75ba0fc4bbf40516f4c8a85c) Importer(815301076,1909f56bfc062723c751e8b465ee728b)  -> (artifact id: 'e5a338473450b2a7009fcd55dc97bde2') in 0.014453 seconds
  Import took 0.024229 seconds .

========================================================================
Received Import Request.
  Time since last request: 0.016709 seconds.
  path: Assets/Fonts/ThrowMyHandsUpintheAirBold.ttf
  artifactKey: Guid(663994f426d9d794d8324e015b382536) Importer(815301076,1909f56bfc062723c751e8b465ee728b)
Start importing Assets/Fonts/ThrowMyHandsUpintheAirBold.ttf using Guid(663994f426d9d794d8324e015b382536) Importer(815301076,1909f56bfc062723c751e8b465ee728b)  -> (artifact id: 'b6e142fcab8415812764e944085d7f99') in 0.012236 seconds
  Import took 0.019519 seconds .

========================================================================
Received Import Request.
  Time since last request: 30.360898 seconds.
  path: Assets/Fonts/ThrowMyHandsUpintheAirBold SDF.asset
  artifactKey: Guid(0d72e5312993fd24baebd3657f5104eb) Importer(815301076,1909f56bfc062723c751e8b465ee728b)
Start importing Assets/Fonts/ThrowMyHandsUpintheAirBold SDF.asset using Guid(0d72e5312993fd24baebd3657f5104eb) Importer(815301076,1909f56bfc062723c751e8b465ee728b)  -> (artifact id: '5c92f97a0fd610f36bb3f6efd430b2a1') in 0.059854 seconds
  Import took 0.069296 seconds .

========================================================================
Received Import Request.
  Time since last request: 10.733547 seconds.
  path: Assets/Fonts/ThrowMyHandsUpintheAir SDF.asset
  artifactKey: Guid(5c38d60551e84ef419c547b33fc5f01b) Importer(815301076,1909f56bfc062723c751e8b465ee728b)
Start importing Assets/Fonts/ThrowMyHandsUpintheAir SDF.asset using Guid(5c38d60551e84ef419c547b33fc5f01b) Importer(815301076,1909f56bfc062723c751e8b465ee728b)  -> (artifact id: '598200a34f94cef0dc1e9056a03e4171') in 0.016381 seconds
  Import took 0.024638 seconds .

========================================================================
Received Import Request.
  Time since last request: 3.089448 seconds.
  path: Assets/Fonts/HomemadeApple SDF.asset
  artifactKey: Guid(ed32c2dce44f9b244a47ce605128e5a8) Importer(815301076,1909f56bfc062723c751e8b465ee728b)
Start importing Assets/Fonts/HomemadeApple SDF.asset using Guid(ed32c2dce44f9b244a47ce605128e5a8) Importer(815301076,1909f56bfc062723c751e8b465ee728b)  -> (artifact id: '5b6fb34b84f419c9537b26bc4ada72bf') in 0.018616 seconds
  Import took 0.027329 seconds .

========================================================================
Received Import Request.
  Time since last request: 2.657947 seconds.
  path: Assets/Fonts/always forever SDF.asset
  artifactKey: Guid(6e21a2291b2ab1741ac3256ce6794bc7) Importer(815301076,1909f56bfc062723c751e8b465ee728b)
Start importing Assets/Fonts/always forever SDF.asset using Guid(6e21a2291b2ab1741ac3256ce6794bc7) Importer(815301076,1909f56bfc062723c751e8b465ee728b)  -> (artifact id: '55e7fc9c14e9c88269fb5655fc8d7da9') in 0.014968 seconds
  Import took 0.023448 seconds .

========================================================================
Received Import Request.
  Time since last request: 13.661619 seconds.
  path: Assets/Fonts/ThrowMyHandsUpintheAirBold SDF.asset
  artifactKey: Guid(0d72e5312993fd24baebd3657f5104eb) Importer(815301076,1909f56bfc062723c751e8b465ee728b)
Start importing Assets/Fonts/ThrowMyHandsUpintheAirBold SDF.asset using Guid(0d72e5312993fd24baebd3657f5104eb) Importer(815301076,1909f56bfc062723c751e8b465ee728b)  -> (artifact id: '24e428003dd687155a0564f95cdeccc8') in 0.035972 seconds
  Import took 0.046061 seconds .

========================================================================
Received Import Request.
  Time since last request: 0.013192 seconds.
  path: Assets/Fonts/ThrowMyHandsUpintheAirBold SDF.asset
  artifactKey: Guid(0d72e5312993fd24baebd3657f5104eb) Importer(815301076,1909f56bfc062723c751e8b465ee728b)
Start importing Assets/Fonts/ThrowMyHandsUpintheAirBold SDF.asset using Guid(0d72e5312993fd24baebd3657f5104eb) Importer(815301076,1909f56bfc062723c751e8b465ee728b)  -> (artifact id: '24e428003dd687155a0564f95cdeccc8') in 0.043039 seconds
  Import took 0.052071 seconds .

========================================================================
Received Prepare
Registering precompiled user dll's ...
Registered in 0.003342 seconds.
Begin MonoManager ReloadAssembly
Native extension for WindowsStandalone target not found
Refreshing native plugins compatible for Editor in 1.07 ms, found 0 plugins.
Preloading 0 native plugins for Editor in 0.00 ms.
Invoked RoslynAnalysisRunner static constructor.
RoslynAnalysisRunner will not be running.
RoslynAnalysisRunner has terminated.
Mono: successfully reloaded assembly
- Completed reload, in  1.262 seconds
Platform modules already initialized, skipping
Shader 'Universal Render Pipeline/Particles/Lit': fallback shader 'Universal Render Pipeline/Particles/SimpleLit' not found
Refreshing native plugins compatible for Editor in 1.04 ms, found 0 plugins.
Preloading 0 native plugins for Editor in 0.00 ms.
Unloading 3620 Unused Serialized files (Serialized files now loaded: 0)
System memory in use before: 223.0 MB.
System memory in use after: 222.5 MB.

Unloading 25 unused Assets to reduce memory usage. Loaded Objects now: 4518.
Total: 4.045100 ms (FindLiveObjects: 0.644100 ms CreateObjectMapping: 0.221600 ms MarkObjects: 2.706500 ms  DeleteObjects: 0.469800 ms)

========================================================================
Received Prepare
Registering precompiled user dll's ...
Registered in 0.003446 seconds.
Begin MonoManager ReloadAssembly
Native extension for WindowsStandalone target not found
Refreshing native plugins compatible for Editor in 0.97 ms, found 0 plugins.
Preloading 0 native plugins for Editor in 0.00 ms.
Invoked RoslynAnalysisRunner static constructor.
RoslynAnalysisRunner will not be running.
RoslynAnalysisRunner has terminated.
Mono: successfully reloaded assembly
- Completed reload, in  1.496 seconds
Platform modules already initialized, skipping
Shader 'Universal Render Pipeline/Particles/Lit': fallback shader 'Universal Render Pipeline/Particles/SimpleLit' not found
Refreshing native plugins compatible for Editor in 2.72 ms, found 0 plugins.
Preloading 0 native plugins for Editor in 0.00 ms.
Unloading 3620 Unused Serialized files (Serialized files now loaded: 0)
System memory in use before: 223.0 MB.
System memory in use after: 222.5 MB.

Unloading 25 unused Assets to reduce memory usage. Loaded Objects now: 4520.
Total: 4.310500 ms (FindLiveObjects: 0.744800 ms CreateObjectMapping: 0.256300 ms MarkObjects: 2.652800 ms  DeleteObjects: 0.655300 ms)

========================================================================
Received Prepare
Registering precompiled user dll's ...
Registered in 0.003326 seconds.
Begin MonoManager ReloadAssembly
Native extension for WindowsStandalone target not found
Refreshing native plugins compatible for Editor in 1.32 ms, found 0 plugins.
Preloading 0 native plugins for Editor in 0.00 ms.
Invoked RoslynAnalysisRunner static constructor.
RoslynAnalysisRunner will not be running.
RoslynAnalysisRunner has terminated.
Mono: successfully reloaded assembly
- Completed reload, in  1.647 seconds
Platform modules already initialized, skipping
Shader 'Universal Render Pipeline/Particles/Lit': fallback shader 'Universal Render Pipeline/Particles/SimpleLit' not found
Refreshing native plugins compatible for Editor in 1.21 ms, found 0 plugins.
Preloading 0 native plugins for Editor in 0.00 ms.
Unloading 3620 Unused Serialized files (Serialized files now loaded: 0)
System memory in use before: 223.0 MB.
System memory in use after: 222.6 MB.

Unloading 25 unused Assets to reduce memory usage. Loaded Objects now: 4522.
Total: 3.499100 ms (FindLiveObjects: 0.411000 ms CreateObjectMapping: 0.195700 ms MarkObjects: 2.276100 ms  DeleteObjects: 0.615000 ms)

========================================================================
Received Prepare
Registering precompiled user dll's ...
Registered in 0.005089 seconds.
Begin MonoManager ReloadAssembly
Native extension for WindowsStandalone target not found
Refreshing native plugins compatible for Editor in 2.74 ms, found 0 plugins.
Preloading 0 native plugins for Editor in 0.00 ms.
Invoked RoslynAnalysisRunner static constructor.
RoslynAnalysisRunner will not be running.
RoslynAnalysisRunner has terminated.
Mono: successfully reloaded assembly
- Completed reload, in  2.115 seconds
Platform modules already initialized, skipping
Shader 'Universal Render Pipeline/Particles/Lit': fallback shader 'Universal Render Pipeline/Particles/SimpleLit' not found
Refreshing native plugins compatible for Editor in 1.86 ms, found 0 plugins.
Preloading 0 native plugins for Editor in 0.00 ms.
Unloading 3620 Unused Serialized files (Serialized files now loaded: 0)
System memory in use before: 222.9 MB.
System memory in use after: 222.5 MB.

Unloading 25 unused Assets to reduce memory usage. Loaded Objects now: 4524.
Total: 4.791800 ms (FindLiveObjects: 0.652800 ms CreateObjectMapping: 0.458700 ms MarkObjects: 3.102400 ms  DeleteObjects: 0.575700 ms)

========================================================================
Received Prepare
Registering precompiled user dll's ...
Registered in 0.003900 seconds.
Begin MonoManager ReloadAssembly
Native extension for WindowsStandalone target not found
Refreshing native plugins compatible for Editor in 1.04 ms, found 0 plugins.
Preloading 0 native plugins for Editor in 0.00 ms.
Invoked RoslynAnalysisRunner static constructor.
RoslynAnalysisRunner will not be running.
RoslynAnalysisRunner has terminated.
Mono: successfully reloaded assembly
- Completed reload, in  1.537 seconds
Platform modules already initialized, skipping
Shader 'Universal Render Pipeline/Particles/Lit': fallback shader 'Universal Render Pipeline/Particles/SimpleLit' not found
Refreshing native plugins compatible for Editor in 2.32 ms, found 0 plugins.
Preloading 0 native plugins for Editor in 0.00 ms.
Unloading 3620 Unused Serialized files (Serialized files now loaded: 0)
System memory in use before: 222.9 MB.
System memory in use after: 222.5 MB.

Unloading 25 unused Assets to reduce memory usage. Loaded Objects now: 4526.
Total: 4.231300 ms (FindLiveObjects: 0.693700 ms CreateObjectMapping: 0.269600 ms MarkObjects: 2.582700 ms  DeleteObjects: 0.681900 ms)

========================================================================
Received Prepare
Registering precompiled user dll's ...
Registered in 0.003100 seconds.
Begin MonoManager ReloadAssembly
Native extension for WindowsStandalone target not found
Refreshing native plugins compatible for Editor in 1.05 ms, found 0 plugins.
Preloading 0 native plugins for Editor in 0.00 ms.
Invoked RoslynAnalysisRunner static constructor.
RoslynAnalysisRunner will not be running.
RoslynAnalysisRunner has terminated.
Mono: successfully reloaded assembly
- Completed reload, in  1.305 seconds
Platform modules already initialized, skipping
Shader 'Universal Render Pipeline/Particles/Lit': fallback shader 'Universal Render Pipeline/Particles/SimpleLit' not found
Refreshing native plugins compatible for Editor in 1.28 ms, found 0 plugins.
Preloading 0 native plugins for Editor in 0.00 ms.
Unloading 3620 Unused Serialized files (Serialized files now loaded: 0)
System memory in use before: 222.9 MB.
System memory in use after: 222.5 MB.

Unloading 25 unused Assets to reduce memory usage. Loaded Objects now: 4528.
Total: 5.182200 ms (FindLiveObjects: 0.464300 ms CreateObjectMapping: 0.209800 ms MarkObjects: 3.801200 ms  DeleteObjects: 0.705500 ms)

========================================================================
Received Prepare
Registering precompiled user dll's ...
Registered in 0.003213 seconds.
Begin MonoManager ReloadAssembly
Native extension for WindowsStandalone target not found
Refreshing native plugins compatible for Editor in 1.22 ms, found 0 plugins.
Preloading 0 native plugins for Editor in 0.00 ms.
Invoked RoslynAnalysisRunner static constructor.
RoslynAnalysisRunner will not be running.
RoslynAnalysisRunner has terminated.
Mono: successfully reloaded assembly
- Completed reload, in  1.383 seconds
Platform modules already initialized, skipping
Shader 'Universal Render Pipeline/Particles/Lit': fallback shader 'Universal Render Pipeline/Particles/SimpleLit' not found
Refreshing native plugins compatible for Editor in 0.97 ms, found 0 plugins.
Preloading 0 native plugins for Editor in 0.00 ms.
Unloading 3620 Unused Serialized files (Serialized files now loaded: 0)
System memory in use before: 223.0 MB.
System memory in use after: 222.5 MB.

Unloading 25 unused Assets to reduce memory usage. Loaded Objects now: 4530.
Total: 5.253800 ms (FindLiveObjects: 1.178600 ms CreateObjectMapping: 0.652700 ms MarkObjects: 2.848900 ms  DeleteObjects: 0.571900 ms)

========================================================================
Received Prepare
Registering precompiled user dll's ...
Registered in 0.002976 seconds.
Begin MonoManager ReloadAssembly
Native extension for WindowsStandalone target not found
Refreshing native plugins compatible for Editor in 0.98 ms, found 0 plugins.
Preloading 0 native plugins for Editor in 0.00 ms.
Invoked RoslynAnalysisRunner static constructor.
RoslynAnalysisRunner will not be running.
RoslynAnalysisRunner has terminated.
Mono: successfully reloaded assembly
- Completed reload, in  1.202 seconds
Platform modules already initialized, skipping
Shader 'Universal Render Pipeline/Particles/Lit': fallback shader 'Universal Render Pipeline/Particles/SimpleLit' not found
Refreshing native plugins compatible for Editor in 0.98 ms, found 0 plugins.
Preloading 0 native plugins for Editor in 0.00 ms.
Unloading 3620 Unused Serialized files (Serialized files now loaded: 0)
System memory in use before: 222.9 MB.
System memory in use after: 222.5 MB.

Unloading 25 unused Assets to reduce memory usage. Loaded Objects now: 4532.
Total: 3.114700 ms (FindLiveObjects: 0.372300 ms CreateObjectMapping: 0.172600 ms MarkObjects: 2.018900 ms  DeleteObjects: 0.550200 ms)

========================================================================
Received Prepare
Registering precompiled user dll's ...
Registered in 0.004161 seconds.
Begin MonoManager ReloadAssembly
Native extension for WindowsStandalone target not found
Refreshing native plugins compatible for Editor in 1.60 ms, found 0 plugins.
Preloading 0 native plugins for Editor in 0.00 ms.
Invoked RoslynAnalysisRunner static constructor.
RoslynAnalysisRunner will not be running.
RoslynAnalysisRunner has terminated.
Mono: successfully reloaded assembly
- Completed reload, in  1.347 seconds
Platform modules already initialized, skipping
Shader 'Universal Render Pipeline/Particles/Lit': fallback shader 'Universal Render Pipeline/Particles/SimpleLit' not found
Refreshing native plugins compatible for Editor in 1.72 ms, found 0 plugins.
Preloading 0 native plugins for Editor in 0.00 ms.
Unloading 3620 Unused Serialized files (Serialized files now loaded: 0)
System memory in use before: 223.0 MB.
System memory in use after: 222.5 MB.

Unloading 25 unused Assets to reduce memory usage. Loaded Objects now: 4534.
Total: 5.000900 ms (FindLiveObjects: 1.276000 ms CreateObjectMapping: 0.469500 ms MarkObjects: 2.593500 ms  DeleteObjects: 0.658900 ms)

========================================================================
Received Prepare
Registering precompiled user dll's ...
Registered in 0.003175 seconds.
Begin MonoManager ReloadAssembly
Native extension for WindowsStandalone target not found
Refreshing native plugins compatible for Editor in 0.99 ms, found 0 plugins.
Preloading 0 native plugins for Editor in 0.00 ms.
Invoked RoslynAnalysisRunner static constructor.
RoslynAnalysisRunner will not be running.
RoslynAnalysisRunner has terminated.
Mono: successfully reloaded assembly
- Completed reload, in  1.336 seconds
Platform modules already initialized, skipping
Shader 'Universal Render Pipeline/Particles/Lit': fallback shader 'Universal Render Pipeline/Particles/SimpleLit' not found
Refreshing native plugins compatible for Editor in 1.60 ms, found 0 plugins.
Preloading 0 native plugins for Editor in 0.00 ms.
Unloading 3620 Unused Serialized files (Serialized files now loaded: 0)
System memory in use before: 223.0 MB.
System memory in use after: 222.6 MB.

Unloading 25 unused Assets to reduce memory usage. Loaded Objects now: 4536.
Total: 7.546500 ms (FindLiveObjects: 1.077500 ms CreateObjectMapping: 0.569200 ms MarkObjects: 4.846600 ms  DeleteObjects: 1.051000 ms)

========================================================================
Received Prepare
Registering precompiled user dll's ...
Registered in 0.003731 seconds.
Begin MonoManager ReloadAssembly
Native extension for WindowsStandalone target not found
Refreshing native plugins compatible for Editor in 1.12 ms, found 0 plugins.
Preloading 0 native plugins for Editor in 0.00 ms.
Invoked RoslynAnalysisRunner static constructor.
RoslynAnalysisRunner will not be running.
RoslynAnalysisRunner has terminated.
Mono: successfully reloaded assembly
- Completed reload, in  1.352 seconds
Platform modules already initialized, skipping
Shader 'Universal Render Pipeline/Particles/Lit': fallback shader 'Universal Render Pipeline/Particles/SimpleLit' not found
Refreshing native plugins compatible for Editor in 0.97 ms, found 0 plugins.
Preloading 0 native plugins for Editor in 0.00 ms.
Unloading 3620 Unused Serialized files (Serialized files now loaded: 0)
System memory in use before: 223.0 MB.
System memory in use after: 222.6 MB.

Unloading 25 unused Assets to reduce memory usage. Loaded Objects now: 4538.
Total: 4.987000 ms (FindLiveObjects: 0.759700 ms CreateObjectMapping: 0.275400 ms MarkObjects: 3.210300 ms  DeleteObjects: 0.736900 ms)

========================================================================
Received Prepare
Registering precompiled user dll's ...
Registered in 0.003869 seconds.
Begin MonoManager ReloadAssembly
Native extension for WindowsStandalone target not found
Refreshing native plugins compatible for Editor in 1.04 ms, found 0 plugins.
Preloading 0 native plugins for Editor in 0.00 ms.
Invoked RoslynAnalysisRunner static constructor.
RoslynAnalysisRunner will not be running.
RoslynAnalysisRunner has terminated.
Mono: successfully reloaded assembly
- Completed reload, in  1.553 seconds
Platform modules already initialized, skipping
Shader 'Universal Render Pipeline/Particles/Lit': fallback shader 'Universal Render Pipeline/Particles/SimpleLit' not found
Refreshing native plugins compatible for Editor in 1.15 ms, found 0 plugins.
Preloading 0 native plugins for Editor in 0.00 ms.
Unloading 3620 Unused Serialized files (Serialized files now loaded: 0)
System memory in use before: 223.0 MB.
System memory in use after: 222.6 MB.

Unloading 25 unused Assets to reduce memory usage. Loaded Objects now: 4540.
Total: 4.763700 ms (FindLiveObjects: 1.034100 ms CreateObjectMapping: 0.369500 ms MarkObjects: 2.717400 ms  DeleteObjects: 0.639300 ms)

AssetImportWorkerClient::OnTransportError - code=2 error=End of file
