Using pre-set license
Built from '2020.2/staging' branch; Version is '2020.2.5f1 (e2c53f129de5) revision 14861631'; Using compiler version '192528614'; Build Type 'Release'
OS: 'Windows 10 Home; OS build 19041.928; Version 2004; 64bit' Language: 'en' Physical Memory: 8042 MB
BatchMode: 1, IsHumanControllingUs: 0, StartBugReporterOnCrash: 0, Is64bit: 1, IsPro: 0

 COMMAND LINE ARGUMENTS:
C:\Program Files\Unity\Hub\Editor\2020.2.5f1\Editor\Unity.exe
-adb2
-batchMode
-noUpm
-name
AssetImportWorker2
-projectPath
C:/Users/Jack Greenary/Documents/GitHub/WalkingSim/WalkingSim
-logFile
Logs/AssetImportWorker2.log
-srvPort
51282
Successfully changed project path to: C:/Users/Jack Greenary/Documents/GitHub/WalkingSim/WalkingSim
C:/Users/Jack Greenary/Documents/GitHub/WalkingSim/WalkingSim
Using Asset Import Pipeline V2.
Refreshing native plugins compatible for Editor in 406.81 ms, found 0 plugins.
Preloading 0 native plugins for Editor in 0.00 ms.
Initialize engine version: 2020.2.5f1 (e2c53f129de5)
[Subsystems] Discovering subsystems at path C:/Program Files/Unity/Hub/Editor/2020.2.5f1/Editor/Data/Resources/UnitySubsystems
[Subsystems] Discovering subsystems at path C:/Users/Jack Greenary/Documents/GitHub/WalkingSim/WalkingSim/Assets
GfxDevice: creating device client; threaded=0
Direct3D:
    Version:  Direct3D 11.0 [level 11.1]
    Renderer: NVIDIA GeForce MX150 (ID=0x1d12)
    Vendor:   
    VRAM:     1983 MB
    Driver:   27.21.14.5763
Shader 'Universal Render Pipeline/Particles/Lit': fallback shader 'Universal Render Pipeline/Particles/SimpleLit' not found
Initialize mono
Mono path[0] = 'C:/Program Files/Unity/Hub/Editor/2020.2.5f1/Editor/Data/Managed'
Mono path[1] = 'C:/Program Files/Unity/Hub/Editor/2020.2.5f1/Editor/Data/MonoBleedingEdge/lib/mono/unityjit'
Mono config path = 'C:/Program Files/Unity/Hub/Editor/2020.2.5f1/Editor/Data/MonoBleedingEdge/etc'
Using monoOptions --debugger-agent=transport=dt_socket,embedding=1,server=y,suspend=n,address=127.0.0.1:56928
Begin MonoManager ReloadAssembly
Registering precompiled unity dll's ...
Register platform support module: C:/Program Files/Unity/Hub/Editor/2020.2.5f1/Editor/Data/PlaybackEngines/WebGLSupport/UnityEditor.WebGL.Extensions.dll
Register platform support module: C:/Program Files/Unity/Hub/Editor/2020.2.5f1/Editor/Data/PlaybackEngines/WindowsStandaloneSupport/UnityEditor.WindowsStandalone.Extensions.dll
Registered in 0.007340 seconds.
Native extension for WindowsStandalone target not found
Native extension for WebGL target not found
Refreshing native plugins compatible for Editor in 363.47 ms, found 0 plugins.
Preloading 0 native plugins for Editor in 0.00 ms.
Invoked RoslynAnalysisRunner static constructor.
RoslynAnalysisRunner will not be running.
RoslynAnalysisRunner has terminated.
Mono: successfully reloaded assembly
- Completed reload, in  4.465 seconds
Platform modules already initialized, skipping
Registering precompiled user dll's ...
Registered in 0.007782 seconds.
Begin MonoManager ReloadAssembly
Native extension for WindowsStandalone target not found
Native extension for WebGL target not found
Refreshing native plugins compatible for Editor in 369.09 ms, found 0 plugins.
Preloading 0 native plugins for Editor in 0.00 ms.
Invoked RoslynAnalysisRunner static constructor.
RoslynAnalysisRunner will not be running.
RoslynAnalysisRunner has terminated.
Mono: successfully reloaded assembly
- Completed reload, in  5.009 seconds
Platform modules already initialized, skipping
========================================================================
Worker process is ready to serve import requests
Launched and connected shader compiler UnityShaderCompiler.exe after 0.14 seconds
Shader 'Universal Render Pipeline/Particles/Lit': fallback shader 'Universal Render Pipeline/Particles/SimpleLit' not found
Refreshing native plugins compatible for Editor in 1.88 ms, found 0 plugins.
Preloading 0 native plugins for Editor in 0.00 ms.
Unloading 3727 Unused Serialized files (Serialized files now loaded: 0)
System memory in use before: 167.7 MB.
System memory in use after: 167.8 MB.

Unloading 23 unused Assets to reduce memory usage. Loaded Objects now: 4193.
Total: 7.517300 ms (FindLiveObjects: 0.961200 ms CreateObjectMapping: 0.456300 ms MarkObjects: 5.579100 ms  DeleteObjects: 0.516600 ms)

========================================================================
Received Import Request.
  path: Assets/Scenes/Game.unity
  artifactKey: Guid(a947e50f8b62f864185f1e9eb8151efa) Importer(815301076,1909f56bfc062723c751e8b465ee728b)
Start importing Assets/Scenes/Game.unity using Guid(a947e50f8b62f864185f1e9eb8151efa) Importer(815301076,1909f56bfc062723c751e8b465ee728b)  -> (artifact id: '3e0a59e4954e65f0dae7032120c9f325') in 0.041206 seconds
  Import took 0.056873 seconds .

========================================================================
Received Import Request.
  Time since last request: 0.000259 seconds.
  path: Assets/Dialogue Database.asset
  artifactKey: Guid(ba484aaaf4874f5429b6cbdf77fa37d6) Importer(815301076,1909f56bfc062723c751e8b465ee728b)
Start importing Assets/Dialogue Database.asset using Guid(ba484aaaf4874f5429b6cbdf77fa37d6) Importer(815301076,1909f56bfc062723c751e8b465ee728b)  -> (artifact id: '600e1014bd6c88e0be008ffd8242f0ed') in 0.130017 seconds
  Import took 0.143582 seconds .

========================================================================
Received Import Request.
  Time since last request: 0.000277 seconds.
  path: Assets/Dialogue Database (Auto-Backup).asset
  artifactKey: Guid(d0eff4156958a1a45aebe171f713a90f) Importer(815301076,1909f56bfc062723c751e8b465ee728b)
Start importing Assets/Dialogue Database (Auto-Backup).asset using Guid(d0eff4156958a1a45aebe171f713a90f) Importer(815301076,1909f56bfc062723c751e8b465ee728b)  -> (artifact id: '0250bd6d85dd2770049e651b35d3044f') in 0.021290 seconds
  Import took 0.033956 seconds .

========================================================================
Received Import Request.
  Time since last request: 0.000264 seconds.
  path: Assets/Scenes
  artifactKey: Guid(50cf2aa960e0445489da72559cb7e2b7) Importer(815301076,1909f56bfc062723c751e8b465ee728b)
Start importing Assets/Scenes using Guid(50cf2aa960e0445489da72559cb7e2b7) Importer(815301076,1909f56bfc062723c751e8b465ee728b)  -> (artifact id: '35311902d2e118eb8d5cb98d49269802') in 0.011931 seconds
  Import took 0.025168 seconds .

========================================================================
Received Prepare
Shader 'Universal Render Pipeline/Particles/Lit': fallback shader 'Universal Render Pipeline/Particles/SimpleLit' not found
Refreshing native plugins compatible for Editor in 4.22 ms, found 0 plugins.
Preloading 0 native plugins for Editor in 0.00 ms.
Unloading 5 Unused Serialized files (Serialized files now loaded: 0)
System memory in use before: 86.8 MB.
System memory in use after: 86.9 MB.

Unloading 5 unused Assets to reduce memory usage. Loaded Objects now: 4193.
Total: 7.770600 ms (FindLiveObjects: 1.459000 ms CreateObjectMapping: 0.445700 ms MarkObjects: 5.649000 ms  DeleteObjects: 0.213800 ms)

